<?xml version="1.0" encoding="UTF-8"?>
<coverage generated="1725521300609" clover="3.2.0">
  <project timestamp="1725521300609" name="All files">
    <metrics statements="8" coveredstatements="7" conditionals="3" coveredconditionals="2" methods="2" coveredmethods="2" elements="13" coveredelements="11" complexity="0" loc="8" ncloc="8" packages="1" files="2" classes="2"/>
    <file name="Update.js" path="C:\Users\Augusto Hasenbalg\Desktop\DatenSchule2\CsBe_323\Unit-Test1\src\Update.js">
      <metrics statements="6" coveredstatements="5" conditionals="3" coveredconditionals="2" methods="1" coveredmethods="1"/>
      <line num="4" count="1" type="stmt"/>
      <line num="5" count="2" type="cond" truecount="2" falsecount="1"/>
      <line num="7" count="1" type="stmt"/>
      <line num="9" count="0" type="stmt"/>
      <line num="11" count="1" type="stmt"/>
      <line num="15" count="1" type="stmt"/>
    </file>
    <file name="View.js" path="C:\Users\Augusto Hasenbalg\Desktop\DatenSchule2\CsBe_323\Unit-Test1\src\View.js">
      <metrics statements="2" coveredstatements="2" conditionals="0" coveredconditionals="0" methods="1" coveredmethods="1"/>
      <line num="4" count="1" type="stmt"/>
      <line num="6" count="1" type="stmt"/>
    </file>
  </project>
</coverage>
