{"C:\\Users\\Augusto Hasenbalg\\Desktop\\DatenSchule2\\CsBe_323\\Unit-Test1\\src\\Update.js": {"path":"C:\\Users\\Augusto Hasenbalg\\Desktop\\DatenSchule2\\CsBe_323\\Unit-Test1\\src\\Update.js","statementMap":{"0":{"start":{"line":4,"column":15},"end":{"line":13,"column":1}},"1":{"start":{"line":5,"column":4},"end":{"line":12,"column":5}},"2":{"start":{"line":7,"column":12},"end":{"line":7,"column":56}},"3":{"start":{"line":9,"column":12},"end":{"line":9,"column":56}},"4":{"start":{"line":11,"column":12},"end":{"line":11,"column":25}},"5":{"start":{"line":15,"column":0},"end":{"line":15,"column":28}}},"fnMap":{"0":{"name":"(anonymous_0)","decl":{"start":{"line":4,"column":15},"end":{"line":4,"column":16}},"loc":{"start":{"line":4,"column":34},"end":{"line":13,"column":1}},"line":4}},"branchMap":{"0":{"loc":{"start":{"line":5,"column":4},"end":{"line":12,"column":5}},"type":"switch","locations":[{"start":{"line":6,"column":8},"end":{"line":7,"column":56}},{"start":{"line":8,"column":8},"end":{"line":9,"column":56}},{"start":{"line":10,"column":8},"end":{"line":11,"column":25}}],"line":5}},"s":{"0":1,"1":2,"2":1,"3":0,"4":1,"5":1},"f":{"0":2},"b":{"0":[1,0,1]},"_coverageSchema":"1a1c01bbd47fc00a2c39e90264f33305004495a9","hash":"5de6dc50d668076f5baa5ef3ebbd9e6dbbbc4865"}
,"C:\\Users\\Augusto Hasenbalg\\Desktop\\DatenSchule2\\CsBe_323\\Unit-Test1\\src\\View.js": {"path":"C:\\Users\\Augusto Hasenbalg\\Desktop\\DatenSchule2\\CsBe_323\\Unit-Test1\\src\\View.js","statementMap":{"0":{"start":{"line":4,"column":13},"end":{"line":4,"column":55}},"1":{"start":{"line":4,"column":24},"end":{"line":4,"column":55}},"2":{"start":{"line":6,"column":0},"end":{"line":6,"column":26}}},"fnMap":{"0":{"name":"(anonymous_0)","decl":{"start":{"line":4,"column":13},"end":{"line":4,"column":14}},"loc":{"start":{"line":4,"column":24},"end":{"line":4,"column":55}},"line":4}},"branchMap":{},"s":{"0":1,"1":1,"2":1},"f":{"0":1},"b":{},"_coverageSchema":"1a1c01bbd47fc00a2c39e90264f33305004495a9","hash":"a8f6fec05a52d96075c598aff2995c2db07555f1"}
}
